TN:
SF:App/components/index.ts
FNF:0
FNH:0
LF:0
LH:0
BRF:0
BRH:0
end_of_record
TN:
SF:App/components/Box/index.tsx
FNF:0
FNH:0
DA:3,5
LF:1
LH:1
BRF:0
BRH:0
end_of_record
TN:
SF:App/components/Container/index.tsx
FN:7,Container
FNF:1
FNH:1
FNDA:2,Container
DA:8,2
LF:1
LH:1
BRF:0
BRH:0
end_of_record
TN:
SF:App/components/Footer/index.tsx
FN:5,Footer
FNF:1
FNH:1
FNDA:1,Footer
DA:6,1
LF:1
LH:1
BRF:0
BRH:0
end_of_record
TN:
SF:App/components/Header/index.tsx
FN:5,Header
FNF:1
FNH:1
FNDA:1,Header
DA:6,1
LF:1
LH:1
BRF:0
BRH:0
end_of_record
TN:
SF:App/components/Icons/FavoriteIcons.tsx
FN:3,(anonymous_0)
FNF:1
FNH:1
FNDA:2,(anonymous_0)
DA:3,2
DA:4,2
LF:2
LH:2
BRDA:12,0,0,1
BRDA:12,0,1,1
BRF:2
BRH:2
end_of_record
TN:
SF:App/components/Icons/GoBackIcon.tsx
FN:13,GoBackIcon
FN:17,(anonymous_1)
FNF:2
FNH:2
FNDA:1,GoBackIcon
FNDA:1,(anonymous_1)
DA:12,3
DA:14,1
DA:15,1
DA:17,1
LF:4
LH:4
BRDA:19,0,0,1
BRDA:19,0,1,1
BRDA:38,1,0,1
BRDA:38,1,1,1
BRDA:38,1,2,1
BRF:5
BRH:5
end_of_record
TN:
SF:App/components/Icons/HomeIcons.tsx
FN:4,HomeIcon
FNF:1
FNH:1
FNDA:2,HomeIcon
DA:5,2
LF:1
LH:1
BRDA:13,0,0,1
BRDA:13,0,1,1
BRF:2
BRH:2
end_of_record
TN:
SF:App/components/Icons/MyAccountIcons.tsx
FN:4,MyAccountIcons
FNF:1
FNH:1
FNDA:2,MyAccountIcons
DA:5,2
LF:1
LH:1
BRDA:5,0,0,1
BRDA:5,0,1,1
BRF:2
BRH:2
end_of_record
TN:
SF:App/components/Icons/SearchIcons.tsx
FN:4,SearchIcons
FNF:1
FNH:1
FNDA:2,SearchIcons
DA:5,2
LF:1
LH:1
BRDA:5,0,0,1
BRDA:5,0,1,1
BRF:2
BRH:2
end_of_record
TN:
SF:App/components/Text/index.tsx
FNF:0
FNH:0
DA:3,5
LF:1
LH:1
BRF:0
BRH:0
end_of_record
TN:
SF:App/config/constants.ts
FN:9,(anonymous_0)
FNF:1
FNH:1
FNDA:1,(anonymous_0)
DA:2,3
DA:3,3
DA:10,1
LF:3
LH:3
BRDA:4,0,0,3
BRDA:4,0,1,3
BRDA:5,1,0,3
BRDA:5,1,1,3
BRDA:6,2,0,3
BRDA:6,2,1,3
BRDA:7,3,0,3
BRDA:7,3,1,3
BRDA:8,4,0,3
BRDA:8,4,1,3
BRF:10
BRH:10
end_of_record
TN:
SF:App/recoil/announce.ts
FN:8,(anonymous_0)
FN:11,(anonymous_1)
FNF:2
FNH:2
FNDA:1,(anonymous_0)
FNDA:3,(anonymous_1)
DA:3,2
DA:8,2
DA:9,1
DA:11,2
DA:12,3
LF:5
LH:5
BRF:0
BRH:0
end_of_record
TN:
SF:App/screens/DetailsAnnounce.tsx
FN:18,DetailsAnnounce
FN:25,(anonymous_1)
FN:28,(anonymous_2)
FN:41,(anonymous_3)
FN:50,(anonymous_4)
FNF:5
FNH:2
FNDA:1,DetailsAnnounce
FNDA:1,(anonymous_1)
FNDA:0,(anonymous_2)
FNDA:0,(anonymous_3)
FNDA:0,(anonymous_4)
DA:21,1
DA:22,1
DA:23,1
DA:24,1
DA:25,1
DA:26,1
DA:29,0
DA:35,1
DA:42,0
DA:43,0
DA:44,0
DA:51,0
LF:12
LH:7
BRDA:29,0,0,0
BRDA:29,0,1,0
BRDA:43,1,0,0
BRDA:43,1,1,0
BRF:4
BRH:0
end_of_record
TN:
SF:App/screens/Favorites.tsx
FN:4,Favorites
FNF:1
FNH:1
FNDA:1,Favorites
DA:5,1
LF:1
LH:1
BRF:0
BRH:0
end_of_record
TN:
SF:App/screens/Home.tsx
FN:15,(anonymous_0)
FNF:1
FNH:1
FNDA:1,(anonymous_0)
DA:15,2
DA:23,1
LF:2
LH:2
BRF:0
BRH:0
end_of_record
TN:
SF:App/screens/MyAccount.tsx
FN:4,MyAccount
FNF:1
FNH:1
FNDA:1,MyAccount
DA:5,1
LF:1
LH:1
BRF:0
BRH:0
end_of_record
TN:
SF:App/screens/Search.tsx
FN:21,(anonymous_0)
FN:55,(anonymous_1)
FN:72,(anonymous_2)
FN:75,(anonymous_3)
FN:79,(anonymous_4)
FN:91,(anonymous_5)
FN:92,(anonymous_6)
FN:95,(anonymous_7)
FN:117,(anonymous_8)
FNF:9
FNH:4
FNDA:4,(anonymous_0)
FNDA:1,(anonymous_1)
FNDA:0,(anonymous_2)
FNDA:0,(anonymous_3)
FNDA:0,(anonymous_4)
FNDA:0,(anonymous_5)
FNDA:0,(anonymous_6)
FNDA:4,(anonymous_7)
FNDA:3,(anonymous_8)
DA:21,2
DA:28,4
DA:29,4
DA:30,4
DA:31,4
DA:32,4
DA:33,4
DA:56,1
DA:57,1
DA:61,1
DA:62,1
DA:64,1
DA:68,1
DA:69,1
DA:71,1
DA:72,0
DA:76,0
DA:91,0
DA:93,0
DA:96,4
DA:117,2
DA:118,3
DA:119,3
LF:23
LH:19
BRDA:57,0,0,1
BRDA:57,0,1,0
BRDA:58,1,0,1
BRDA:58,1,1,0
BRDA:64,2,0,1
BRDA:64,2,1,1
BRDA:71,3,0,0
BRDA:71,3,1,1
BRDA:76,4,0,0
BRDA:76,4,1,0
BRDA:91,5,0,0
BRDA:91,5,1,0
BRDA:93,6,0,0
BRDA:93,6,1,0
BRF:14
BRH:5
end_of_record
TN:
SF:App/styles/colors.ts
FNF:0
FNH:0
DA:1,2
DA:2,2
LF:2
LH:2
BRF:0
BRH:0
end_of_record
